Removed Pin From Net: NetName=GND Pin=L1-2
Removed Pin From Net: NetName=GND Pin=L2-2
Removed Pin From Net: NetName=GND Pin=L3-2
Removed Pin From Net: NetName=GND Pin=L4-2
Removed Pin From Net: NetName=GND Pin=P1-1
Removed Pin From Net: NetName=+5V Pin=P1-3
Removed Pin From Net: NetName=GND Pin=P2-1
Removed Pin From Net: NetName=+5V Pin=P2-3
Removed Member From Class: ClassName=Sh_Outputs_Analog Member=C3
Removed Member From Class: ClassName=Sh_Outputs_Analog Member=C4
Removed Member From Class: ClassName=Sh_Outputs_Analog Member=C5
Removed Member From Class: ClassName=Sh_Outputs_Analog Member=C6
Removed Member From Class: ClassName=Sh_Outputs_Analog Member=L1
Removed Member From Class: ClassName=Sh_Outputs_Analog Member=L2
Removed Member From Class: ClassName=Sh_Outputs_Analog Member=L3
Removed Member From Class: ClassName=Sh_Outputs_Analog Member=L4
Removed Member From Class: ClassName=Sh_Inputs_Analog Member=P1
Removed Member From Class: ClassName=Sh_Inputs_Analog Member=P2
Added Component: Designator=D21(Pad)
Add component. Clean all parameters for all variants
Added Component: Designator=D22(Pad)
Add component. Clean all parameters for all variants
Added Component: Designator=D23(Pad)
Add component. Clean all parameters for all variants
Added Component: Designator=D24(Pad)
Add component. Clean all parameters for all variants
Added Component: Designator=D25(Pad)
Add component. Clean all parameters for all variants
Added Component: Designator=D26(Pad)
Add component. Clean all parameters for all variants
Added Component: Designator=D27(Pad)
Add component. Clean all parameters for all variants
Added Component: Designator=D28(Pad)
Add component. Clean all parameters for all variants
Added Component: Designator=D29(Pad)
Add component. Clean all parameters for all variants
Added Component: Designator=D30(Pad)
Add component. Clean all parameters for all variants
Added Pin To Net: NetName=NetC9_2 Pin=D21-1
Added Pin To Net: NetName=NetC10_2 Pin=D22-1
Added Pin To Net: NetName=NetC1_2 Pin=D25-1
Added Pin To Net: NetName=NetC2_2 Pin=D26-1
Added Pin To Net: NetName=NetD23_1 Pin=D23-1
Added Pin To Net: NetName=NetD23_1 Pin=U1-56
Added Net: Name=NetD23_1
Added Pin To Net: NetName=NetD24_1 Pin=D24-1
Added Pin To Net: NetName=NetD24_1 Pin=U1-58
Added Net: Name=NetD24_1
Added Pin To Net: NetName=NetD27_1 Pin=D27-1
Added Pin To Net: NetName=NetD27_1 Pin=U1-27
Added Net: Name=NetD27_1
Added Pin To Net: NetName=NetD28_1 Pin=D28-1
Added Pin To Net: NetName=NetD28_1 Pin=U1-25
Added Net: Name=NetD28_1
Added Pin To Net: NetName=NetD29_1 Pin=D29-1
Added Pin To Net: NetName=NetD29_1 Pin=U1-23
Added Net: Name=NetD29_1
Added Pin To Net: NetName=NetD30_1 Pin=D30-1
Added Pin To Net: NetName=NetD30_1 Pin=U1-21
Added Net: Name=NetD30_1
Added Member To Class: ClassName=Sh_Inputs_Analog Member=Component D21 Pad
Added Member To Class: ClassName=Sh_Inputs_Analog Member=Component D22 Pad
Added Member To Class: ClassName=Sh_Inputs_Analog Member=Component D23 Pad
Added Member To Class: ClassName=Sh_Inputs_Analog Member=Component D24 Pad
Added Member To Class: ClassName=Sh_Outputs_Analog Member=Component D25 Pad
Added Member To Class: ClassName=Sh_Outputs_Analog Member=Component D26 Pad
Added Member To Class: ClassName=Sh_Outputs_Analog Member=Component D27 Pad
Added Member To Class: ClassName=Sh_Outputs_Analog Member=Component D28 Pad
Added Member To Class: ClassName=Sh_Outputs_Analog Member=Component D29 Pad
Added Member To Class: ClassName=Sh_Outputs_Analog Member=Component D30 Pad
