Added Component: Designator=U1(PAP0064J_N)
Add component. Clean all parameters for all variants
Add component (AddParameter): Name = "Manufacturer"; Value = "Texas Instruments"; VariantName = "[No Variations]"
Add component (AddParameter): Name = "PartNumber"; Value = "PCM3168APAPR"; VariantName = "[No Variations]"
Add component (AddParameter): Name = "RefDes"; Value = "RefDes"; VariantName = "[No Variations]"
Add component (AddParameter): Name = "TYPE"; Value = "TYPE"; VariantName = "[No Variations]"
Add component (AddParameter): Name = "Value"; Value = "Value"; VariantName = "[No Variations]"
Added Pin To Net: NetName=GND Pin=U1-1
Added Pin To Net: NetName=GND Pin=U1-2
Added Pin To Net: NetName=+5V Pin=U1-3
Added Pin To Net: NetName=NetD13_1 Pin=U1-4
Added Pin To Net: NetName=NetD19_1 Pin=U1-5
Added Pin To Net: NetName=NetD9_1 Pin=U1-6
Added Pin To Net: NetName=NetD12_1 Pin=U1-7
Added Pin To Net: NetName=NetD1_1 Pin=U1-8
Added Pin To Net: NetName=NetD3_1 Pin=U1-9
Added Pin To Net: NetName=NetD5_1 Pin=U1-10
Added Pin To Net: NetName=GND Pin=U1-11
Added Pin To Net: NetName=+3.3V Pin=U1-12
Added Pin To Net: NetName=NetD16_1 Pin=U1-13
Added Pin To Net: NetName=+5V Pin=U1-14
Added Pin To Net: NetName=GND Pin=U1-15
Added Pin To Net: NetName=GND Pin=U1-16
Added Pin To Net: NetName=NetC8_1 Pin=U1-17
Added Pin To Net: NetName=GND Pin=U1-18
Added Pin To Net: NetName=NetC7_1 Pin=U1-19
Added Pin To Net: NetName=GND Pin=U1-20
Added Pin To Net: NetName=NetC6_1 Pin=U1-21
Added Pin To Net: NetName=GND Pin=U1-22
Added Pin To Net: NetName=NetC5_1 Pin=U1-23
Added Pin To Net: NetName=GND Pin=U1-24
Added Pin To Net: NetName=NetC4_1 Pin=U1-25
Added Pin To Net: NetName=GND Pin=U1-26
Added Pin To Net: NetName=NetC3_1 Pin=U1-27
Added Pin To Net: NetName=GND Pin=U1-28
Added Pin To Net: NetName=NetC2_1 Pin=U1-29
Added Pin To Net: NetName=GND Pin=U1-30
Added Pin To Net: NetName=NetC1_1 Pin=U1-31
Added Pin To Net: NetName=GND Pin=U1-32
Added Pin To Net: NetName=GND Pin=U1-33
Added Pin To Net: NetName=+5V Pin=U1-34
Added Pin To Net: NetName=NetD18_1 Pin=U1-35
Added Pin To Net: NetName=NetD20_1 Pin=U1-36
Added Pin To Net: NetName=NetD8_1 Pin=U1-37
Added Pin To Net: NetName=NetD11_1 Pin=U1-38
Added Pin To Net: NetName=NetD14_1 Pin=U1-39
Added Pin To Net: NetName=NetD17_1 Pin=U1-40
Added Pin To Net: NetName=NetD15_1 Pin=U1-41
Added Pin To Net: NetName=NetD7_1 Pin=U1-42
Added Pin To Net: NetName=NetD6_1 Pin=U1-43
Added Pin To Net: NetName=NetD4_1 Pin=U1-44
Added Pin To Net: NetName=NetD2_1 Pin=U1-45
Added Pin To Net: NetName=+3.3V Pin=U1-46
Added Pin To Net: NetName=GND Pin=U1-47
Added Pin To Net: NetName=NetD10_1 Pin=U1-48
Added Pin To Net: NetName=+5V Pin=U1-49
Added Pin To Net: NetName=GND Pin=U1-50
Added Pin To Net: NetName=GND Pin=U1-51
Added Pin To Net: NetName=NetC9_2 Pin=U1-52
Added Pin To Net: NetName=GND Pin=U1-53
Added Pin To Net: NetName=NetC10_2 Pin=U1-54
Added Pin To Net: NetName=GND Pin=U1-55
Added Pin To Net: NetName=NetP1_2 Pin=U1-56
Added Pin To Net: NetName=GND Pin=U1-57
Added Pin To Net: NetName=NetP2_2 Pin=U1-58
Added Pin To Net: NetName=GND Pin=U1-59
Added Pin To Net: NetName=GND Pin=U1-60
Added Pin To Net: NetName=GND Pin=U1-61
Added Pin To Net: NetName=NetP3_2 Pin=U1-62
Added Pin To Net: NetName=GND Pin=U1-63
Added Pin To Net: NetName=NetP4_2 Pin=U1-64
Added Pin To Net: NetName=GND Pin=U1-65
Added Member To Class: ClassName=Sh_ADC-DAC_Main Member=Component U1 PCM3168APAPR
