Altium Designer System: Library Component Rule Check
PCB File : Michel
Date     : 2/24/2018
Time     : 9:02:23 PM


Name                Warnings
------------------------------------------------------------------
CONN_4-1734592-0         Duplicate Primitives: Text "1" (-19.805mm,0mm)  Top Overlay And Text "1" (-19.805mm,0mm)  Top Overlay
CONN_4-1734592-0         Duplicate Primitives: Text "40" (0.305mm,0mm)  Top Overlay And Text "40" (0.305mm,0mm)  Top Overlay
CONN_4-1734592-0         Duplicate Primitives: Text "1" (-19.805mm,0mm)  Mechanical 13 And Text "1" (-19.805mm,0mm)  Mechanical 13
CONN_4-1734592-0         Duplicate Primitives: Text "40" (0.305mm,0mm)  Mechanical 13 And Text "40" (0.305mm,0mm)  Mechanical 13
CONN_4-1734592-0         Duplicate Primitives: Text "1" (-19.805mm,0mm)  Bottom Overlay And Text "1" (-19.805mm,0mm)  Bottom Overlay
CONN_4-1734592-0         Duplicate Primitives: Text "40" (0.305mm,0mm)  Bottom Overlay And Text "40" (0.305mm,0mm)  Bottom Overlay

QFN40P600X600X900-4849   Duplicate Pad Name On Pads Pad Free-V(-1.575mm,-0.787mm)  Multi-Layer And Pad Free-V(-1.575mm,-1.575mm)  Multi-Layer
QFN40P600X600X900-4849   Duplicate Pad Name On Pads Pad Free-V(-1.575mm,0mm)  Multi-Layer And Pad Free-V(-1.575mm,-1.575mm)  Multi-Layer
QFN40P600X600X900-4849   Duplicate Pad Name On Pads Pad Free-V(-1.575mm,0.787mm)  Multi-Layer And Pad Free-V(-1.575mm,-1.575mm)  Multi-Layer
QFN40P600X600X900-4849   Duplicate Pad Name On Pads Pad Free-V(-1.575mm,1.575mm)  Multi-Layer And Pad Free-V(-1.575mm,-1.575mm)  Multi-Layer
QFN40P600X600X900-4849   Duplicate Pad Name On Pads Pad Free-V(-0.787mm,-1.575mm)  Multi-Layer And Pad Free-V(-1.575mm,-1.575mm)  Multi-Layer
QFN40P600X600X900-4849   Duplicate Pad Name On Pads Pad Free-V(-0.787mm,-0.787mm)  Multi-Layer And Pad Free-V(-1.575mm,-1.575mm)  Multi-Layer
QFN40P600X600X900-4849   Duplicate Pad Name On Pads Pad Free-V(-0.787mm,0mm)  Multi-Layer And Pad Free-V(-1.575mm,-1.575mm)  Multi-Layer
QFN40P600X600X900-4849   Duplicate Pad Name On Pads Pad Free-V(-0.787mm,0.787mm)  Multi-Layer And Pad Free-V(-1.575mm,-1.575mm)  Multi-Layer
QFN40P600X600X900-4849   Duplicate Pad Name On Pads Pad Free-V(-0.787mm,1.575mm)  Multi-Layer And Pad Free-V(-1.575mm,-1.575mm)  Multi-Layer
QFN40P600X600X900-4849   Duplicate Pad Name On Pads Pad Free-V(0mm,-1.575mm)  Multi-Layer And Pad Free-V(-1.575mm,-1.575mm)  Multi-Layer
QFN40P600X600X900-4849   Duplicate Pad Name On Pads Pad Free-V(0mm,-0.787mm)  Multi-Layer And Pad Free-V(-1.575mm,-1.575mm)  Multi-Layer
QFN40P600X600X900-4849   Duplicate Pad Name On Pads Pad Free-V(0mm,0mm)  Multi-Layer And Pad Free-V(-1.575mm,-1.575mm)  Multi-Layer
QFN40P600X600X900-4849   Duplicate Pad Name On Pads Pad Free-V(0mm,0.787mm)  Multi-Layer And Pad Free-V(-1.575mm,-1.575mm)  Multi-Layer
QFN40P600X600X900-4849   Duplicate Pad Name On Pads Pad Free-V(0mm,1.575mm)  Multi-Layer And Pad Free-V(-1.575mm,-1.575mm)  Multi-Layer
QFN40P600X600X900-4849   Duplicate Pad Name On Pads Pad Free-V(0.787mm,-1.575mm)  Multi-Layer And Pad Free-V(-1.575mm,-1.575mm)  Multi-Layer
QFN40P600X600X900-4849   Duplicate Pad Name On Pads Pad Free-V(0.787mm,-0.787mm)  Multi-Layer And Pad Free-V(-1.575mm,-1.575mm)  Multi-Layer
QFN40P600X600X900-4849   Duplicate Pad Name On Pads Pad Free-V(0.787mm,0mm)  Multi-Layer And Pad Free-V(-1.575mm,-1.575mm)  Multi-Layer
QFN40P600X600X900-4849   Duplicate Pad Name On Pads Pad Free-V(0.787mm,0.787mm)  Multi-Layer And Pad Free-V(-1.575mm,-1.575mm)  Multi-Layer
QFN40P600X600X900-4849   Duplicate Pad Name On Pads Pad Free-V(0.787mm,1.575mm)  Multi-Layer And Pad Free-V(-1.575mm,-1.575mm)  Multi-Layer
QFN40P600X600X900-4849   Duplicate Pad Name On Pads Pad Free-V(1.575mm,-1.575mm)  Multi-Layer And Pad Free-V(-1.575mm,-1.575mm)  Multi-Layer
QFN40P600X600X900-4849   Duplicate Pad Name On Pads Pad Free-V(1.575mm,-0.787mm)  Multi-Layer And Pad Free-V(-1.575mm,-1.575mm)  Multi-Layer
QFN40P600X600X900-4849   Duplicate Pad Name On Pads Pad Free-V(1.575mm,0mm)  Multi-Layer And Pad Free-V(-1.575mm,-1.575mm)  Multi-Layer
QFN40P600X600X900-4849   Duplicate Pad Name On Pads Pad Free-V(1.575mm,0.787mm)  Multi-Layer And Pad Free-V(-1.575mm,-1.575mm)  Multi-Layer
QFN40P600X600X900-4849   Duplicate Pad Name On Pads Pad Free-V(1.575mm,1.575mm)  Multi-Layer And Pad Free-V(-1.575mm,-1.575mm)  Multi-Layer

PCBComponent_1           Duplicate Pad Name On Pads Pad Free-1(26.162mm,-3.937mm)  Multi-Layer And Pad Free-1(3.302mm,-3.937mm)  Multi-Layer
PCBComponent_1           Duplicate Pad Name On Pads Pad Free-1(32.512mm,-3.937mm)  Multi-Layer And Pad Free-1(3.302mm,-3.937mm)  Multi-Layer
PCBComponent_1           Duplicate Pad Name On Pads Pad Free-1(55.372mm,-3.937mm)  Multi-Layer And Pad Free-1(3.302mm,-3.937mm)  Multi-Layer
PCBComponent_1           Duplicate Pad Name On Pads Pad Free-1(57.912mm,-34.417mm)  Multi-Layer And Pad Free-1(3.302mm,-3.937mm)  Multi-Layer
PCBComponent_1           Duplicate Pad Name On Pads Pad Free-1(35.052mm,-34.417mm)  Multi-Layer And Pad Free-1(3.302mm,-3.937mm)  Multi-Layer
PCBComponent_1           Duplicate Pad Name On Pads Pad Free-1(26.162mm,-34.417mm)  Multi-Layer And Pad Free-1(3.302mm,-3.937mm)  Multi-Layer
PCBComponent_1           Duplicate Pad Name On Pads Pad Free-1(3.302mm,-34.417mm)  Multi-Layer And Pad Free-1(3.302mm,-3.937mm)  Multi-Layer

