Added Component: Designator=U2(ZCZ324)
Add component. Clean all parameters for all variants
Add component (AddParameter): Name = "DataSheet"; Value = "http://www.ti.com/lit/ds/symlink/am3352.pdf"; VariantName = "[No Variations]"
Add component (AddParameter): Name = "Fabricant"; Value = "Texas Instrument"; VariantName = "[No Variations]"
Add component (AddParameter): Name = "Fournisseur"; Value = "OLIMEX"; VariantName = "[No Variations]"
Add component (AddParameter): Name = "RefFabricant"; Value = "AM3352ZCZD72"; VariantName = "[No Variations]"
Add component (AddParameter): Name = "RefFournisseur"; Value = "AM3352ZCZD72"; VariantName = "[No Variations]"
Added Component: Designator=U12(CRSLT)
Add component. Clean all parameters for all variants
Add component (AddParameter): Name = "DataSheet"; Value = "http://www.ti.com/lit/ds/symlink/tps65217.pdf"; VariantName = "[No Variations]"
Add component (AddParameter): Name = "Fabricant"; Value = "Texas Instruments"; VariantName = "[No Variations]"
Add component (AddParameter): Name = "Fournisseur"; Value = "Farnell"; VariantName = "[No Variations]"
Add component (AddParameter): Name = "RefFabricant"; Value = "TPS65217CRSLT"; VariantName = "[No Variations]"
Add component (AddParameter): Name = "RefFournisseur"; Value = "2492485"; VariantName = "[No Variations]"
Added Pin To Net: NetName=GND Pin=U2-A1
Added Pin To Net: NetName=+1.1V_MPU Pin=U2-A2
Added Pin To Net: NetName=NetJ2_1 Pin=U2-A3
Added Pin To Net: NetName=NetC22_2 Pin=U2-A4
Added Pin To Net: NetName=GND Pin=U2-A5
Added Pin To Net: NetName=NetC19_2 Pin=U2-A6
Added Pin To Net: NetName=LCD_Y2 Pin=U2-A7
Added Pin To Net: NetName=GNDA_ADC Pin=U2-A9
Added Pin To Net: NetName=NetC13_2 Pin=U2-A10
Added Pin To Net: NetName=NetP4_3 Pin=U2-A11
Added Pin To Net: NetName=NetP4_1 Pin=U2-A12
Added Pin To Net: NetName=McASP0_BCLK Pin=U2-A13
Added Pin To Net: NetName=McASP0_SCLK Pin=U2-A14
Added Pin To Net: NetName=SPI1_CS1_ATMega Pin=U2-A15
Added Pin To Net: NetName=SPI0_CS0 Pin=U2-A16
Added Pin To Net: NetName=SPI0_SCLK Pin=U2-A17
Added Pin To Net: NetName=GND Pin=U2-A18
Added Pin To Net: NetName=A5 Pin=U2-B1
Added Pin To Net: NetName=#WE Pin=U2-B2
Added Pin To Net: NetName=BA2 Pin=U2-B3
Added Pin To Net: NetName=NetR15_2 Pin=U2-B4
Added Pin To Net: NetName=LDO_PGOOD Pin=U2-B5
Added Pin To Net: NetName=LCD_X1 Pin=U2-B6
Added Pin To Net: NetName=LCD_Y1 Pin=U2-B7
Added Pin To Net: NetName=VDDA_ADC Pin=U2-B9
Added Pin To Net: NetName=NetP4_5 Pin=U2-B10
Added Pin To Net: NetName=NetP4_4 Pin=U2-B11
Added Pin To Net: NetName=McASP0_LRCLK Pin=U2-B13
Added Pin To Net: NetName=RST_ATMega Pin=U2-B14
Added Pin To Net: NetName=PGOOD Pin=U2-B15
Added Pin To Net: NetName=SPI0_MOSI Pin=U2-B16
Added Pin To Net: NetName=SPI0_MISO Pin=U2-B17
Added Pin To Net: NetName=EXTINT Pin=U2-B18
Added Pin To Net: NetName=A9 Pin=U2-C1
Added Pin To Net: NetName=A4 Pin=U2-C2
Added Pin To Net: NetName=A3 Pin=U2-C3
Added Pin To Net: NetName=BA0 Pin=U2-C4
Added Pin To Net: NetName=WAKEUP Pin=U2-C5
Added Pin To Net: NetName=PWR_EN Pin=U2-C6
Added Pin To Net: NetName=LCD_X2 Pin=U2-C7
Added Pin To Net: NetName=NetC86_2 Pin=U2-C10
Added Pin To Net: NetName=NetP4_2 Pin=U2-C11
Added Pin To Net: NetName=DSP_BYPASS Pin=U2-C14
Added Pin To Net: NetName=SPI0_CS1 Pin=U2-C15
Added Pin To Net: NetName=I2C0_SCL Pin=U2-C16
Added Pin To Net: NetName=I2C0_SDA Pin=U2-C17
Added Pin To Net: NetName=LCD_BKL Pin=U2-C18
Added Pin To Net: NetName=ACK_N Pin=U2-D1
Added Pin To Net: NetName=ACK_P Pin=U2-D2
Added Pin To Net: NetName=A15 Pin=U2-D3
Added Pin To Net: NetName=A8 Pin=U2-D4
Added Pin To Net: NetName=A6 Pin=U2-D5
Added Pin To Net: NetName=NetC107_1 Pin=U2-D6
Added Pin To Net: NetName=+1.8V_VLDO1 Pin=U2-D7
Added Pin To Net: NetName=VDDA_ADC Pin=U2-D8
Added Pin To Net: NetName=NetC84_2 Pin=U2-D9
Added Pin To Net: NetName=NetC99_1 Pin=U2-D10
Added Pin To Net: NetName=NetC85_2 Pin=U2-D11
Added Pin To Net: NetName=McASP0_MOSI Pin=U2-D12
Added Pin To Net: NetName=McASP0_MISO Pin=U2-D13
Added Pin To Net: NetName=I2C1_SCL Pin=U2-D15
Added Pin To Net: NetName=I2C1_SDA Pin=U2-D16
Added Pin To Net: NetName=I2C2_SCL Pin=U2-D17
Added Pin To Net: NetName=I2C2_SDA Pin=U2-D18
Added Pin To Net: NetName=BA1 Pin=U2-E1
Added Pin To Net: NetName=A7 Pin=U2-E2
Added Pin To Net: NetName=A12 Pin=U2-E3
Added Pin To Net: NetName=A2 Pin=U2-E4
Added Pin To Net: NetName=+1.5V_DDR Pin=U2-E5
Added Pin To Net: NetName=+1.8V_PMIC Pin=U2-E6
Added Pin To Net: NetName=NetC99_1 Pin=U2-E7
Added Pin To Net: NetName=GNDA_ADC Pin=U2-E8
Added Pin To Net: NetName=NetC99_1 Pin=U2-E9
Added Pin To Net: NetName=+3.3V_CORE Pin=U2-E10
Added Pin To Net: NetName=+3.3V_CORE Pin=U2-E11
Added Pin To Net: NetName=+3.3V_CORE Pin=U2-E12
Added Pin To Net: NetName=+3.3V_CORE Pin=U2-E13
Added Pin To Net: NetName=+1.8V_PMIC Pin=U2-E14
Added Pin To Net: NetName=NetP5_2 Pin=U2-E15
Added Pin To Net: NetName=NetP5_1 Pin=U2-E16
Added Pin To Net: NetName=SPI1_CS0_CODEC Pin=U2-E17
Added Pin To Net: NetName=#CAS Pin=U2-F1
Added Pin To Net: NetName=A11 Pin=U2-F2
Added Pin To Net: NetName=A0 Pin=U2-F3
Added Pin To Net: NetName=A10 Pin=U2-F4
Added Pin To Net: NetName=+1.5V_DDR Pin=U2-F5
Added Pin To Net: NetName=+1.1V_CORE Pin=U2-F6
Added Pin To Net: NetName=+1.1V_CORE Pin=U2-F7
Added Pin To Net: NetName=GND Pin=U2-F8
Added Pin To Net: NetName=+1.8V_PMIC Pin=U2-F9
Added Pin To Net: NetName=+1.1V_MPU Pin=U2-F10
Added Pin To Net: NetName=+1.1V_MPU Pin=U2-F11
Added Pin To Net: NetName=+1.1V_MPU Pin=U2-F12
Added Pin To Net: NetName=+1.1V_MPU Pin=U2-F13
Added Pin To Net: NetName=+3.3V_CORE Pin=U2-F14
Added Pin To Net: NetName=SD_DAT3 Pin=U2-F17
Added Pin To Net: NetName=SD_DAT2 Pin=U2-F18
Added Pin To Net: NetName=ODT Pin=U2-G1
Added Pin To Net: NetName=#RESET Pin=U2-G2
Added Pin To Net: NetName=CKE Pin=U2-G3
Added Pin To Net: NetName=#RAS Pin=U2-G4
Added Pin To Net: NetName=+1.5V_DDR Pin=U2-G5
Added Pin To Net: NetName=+1.1V_CORE Pin=U2-G6
Added Pin To Net: NetName=+1.1V_CORE Pin=U2-G7
Added Pin To Net: NetName=GND Pin=U2-G8
Added Pin To Net: NetName=GND Pin=U2-G9
Added Pin To Net: NetName=+1.1V_CORE Pin=U2-G10
Added Pin To Net: NetName=GND Pin=U2-G11
Added Pin To Net: NetName=GND Pin=U2-G12
Added Pin To Net: NetName=+1.1V_MPU Pin=U2-G13
Added Pin To Net: NetName=+3.3V_CORE Pin=U2-G14
Added Pin To Net: NetName=SD_DAT1 Pin=U2-G15
Added Pin To Net: NetName=SD_DAT0 Pin=U2-G16
Added Pin To Net: NetName=SD_CLK Pin=U2-G17
Added Pin To Net: NetName=SD_CMD Pin=U2-G18
Added Pin To Net: NetName=A1 Pin=U2-H1
Added Pin To Net: NetName=#CS Pin=U2-H2
Added Pin To Net: NetName=A13 Pin=U2-H3
Added Pin To Net: NetName=A14 Pin=U2-H4
Added Pin To Net: NetName=+1.5V_DDR Pin=U2-H5
Added Pin To Net: NetName=GND Pin=U2-H6
Added Pin To Net: NetName=GND Pin=U2-H7
Added Pin To Net: NetName=GND Pin=U2-H8
Added Pin To Net: NetName=GND Pin=U2-H9
Added Pin To Net: NetName=GND Pin=U2-H10
Added Pin To Net: NetName=+1.1V_CORE Pin=U2-H11
Added Pin To Net: NetName=GND Pin=U2-H12
Added Pin To Net: NetName=+1.1V_MPU Pin=U2-H13
Added Pin To Net: NetName=+3.3V_CORE Pin=U2-H14
Added Pin To Net: NetName=NetC99_1 Pin=U2-H15
Added Pin To Net: NetName=SPI1_SCLK Pin=U2-H16
Added Pin To Net: NetName=DQ8 Pin=U2-J1
Added Pin To Net: NetName=DMU Pin=U2-J2
Added Pin To Net: NetName=NetR14_2 Pin=U2-J3
Added Pin To Net: NetName=DDR_VREF Pin=U2-J4
Added Pin To Net: NetName=+1.5V_DDR Pin=U2-J5
Added Pin To Net: NetName=GND Pin=U2-J6
Added Pin To Net: NetName=GND Pin=U2-J7
Added Pin To Net: NetName=GND Pin=U2-J8
Added Pin To Net: NetName=GND Pin=U2-J9
Added Pin To Net: NetName=GND Pin=U2-J10
Added Pin To Net: NetName=GND Pin=U2-J11
Added Pin To Net: NetName=+1.1V_CORE Pin=U2-J12
Added Pin To Net: NetName=+1.1V_MPU Pin=U2-J13
Added Pin To Net: NetName=+3.3V_CORE Pin=U2-J14
Added Pin To Net: NetName=SPI1_MOSI Pin=U2-J15
Added Pin To Net: NetName=DQ9 Pin=U2-K1
Added Pin To Net: NetName=DQ10 Pin=U2-K2
Added Pin To Net: NetName=DQ11 Pin=U2-K3
Added Pin To Net: NetName=DQ12 Pin=U2-K4
Added Pin To Net: NetName=+1.5V_DDR Pin=U2-K5
Added Pin To Net: NetName=+1.1V_CORE Pin=U2-K6
Added Pin To Net: NetName=GND Pin=U2-K7
Added Pin To Net: NetName=+1.1V_CORE Pin=U2-K8
Added Pin To Net: NetName=GND Pin=U2-K9
Added Pin To Net: NetName=GND Pin=U2-K10
Added Pin To Net: NetName=GND Pin=U2-K11
Added Pin To Net: NetName=+1.1V_CORE Pin=U2-K12
Added Pin To Net: NetName=+1.8V_PMIC Pin=U2-K13
Added Pin To Net: NetName=+3.3V_CORE Pin=U2-K14
Added Pin To Net: NetName=NetU2_K18 Pin=U2-K18
Added Pin To Net: NetName=ADQSU_P Pin=U2-L1
Added Pin To Net: NetName=ADQSU_N Pin=U2-L2
Added Pin To Net: NetName=DQ13 Pin=U2-L3
Added Pin To Net: NetName=DQ14 Pin=U2-L4
Added Pin To Net: NetName=+1.5V_DDR Pin=U2-L5
Added Pin To Net: NetName=+1.1V_CORE Pin=U2-L6
Added Pin To Net: NetName=+1.1V_CORE Pin=U2-L7
Added Pin To Net: NetName=+1.1V_CORE Pin=U2-L8
Added Pin To Net: NetName=+1.1V_CORE Pin=U2-L9
Added Pin To Net: NetName=GND Pin=U2-L10
Added Pin To Net: NetName=GND Pin=U2-L11
Added Pin To Net: NetName=GND Pin=U2-L12
Added Pin To Net: NetName=GND Pin=U2-L13
Added Pin To Net: NetName=+3.3V_CORE Pin=U2-L14
Added Pin To Net: NetName=UART_Proc-to-ATM Pin=U2-L16
Added Pin To Net: NetName=UART_ATM-to-Proc Pin=U2-L17
Added Pin To Net: NetName=GPIO_INTERRUPT Pin=U2-L18
Added Pin To Net: NetName=DQ15 Pin=U2-M1
Added Pin To Net: NetName=DML Pin=U2-M2
Added Pin To Net: NetName=DQ0 Pin=U2-M3
Added Pin To Net: NetName=DQ1 Pin=U2-M4
Added Pin To Net: NetName=GND Pin=U2-M6
Added Pin To Net: NetName=GND Pin=U2-M7
Added Pin To Net: NetName=GND Pin=U2-M8
Added Pin To Net: NetName=GND Pin=U2-M9
Added Pin To Net: NetName=GND Pin=U2-M10
Added Pin To Net: NetName=+1.1V_CORE Pin=U2-M11
Added Pin To Net: NetName=GND Pin=U2-M12
Added Pin To Net: NetName=+1.1V_CORE Pin=U2-M13
Added Pin To Net: NetName=GND Pin=U2-M14
Added Pin To Net: NetName=DQ2 Pin=U2-N1
Added Pin To Net: NetName=DQ3 Pin=U2-N2
Added Pin To Net: NetName=DQ4 Pin=U2-N3
Added Pin To Net: NetName=DQ5 Pin=U2-N4
Added Pin To Net: NetName=+3.3V_CORE Pin=U2-N5
Added Pin To Net: NetName=+1.8V_PMIC Pin=U2-N6
Added Pin To Net: NetName=GND Pin=U2-N7
Added Pin To Net: NetName=+1.1V_CORE Pin=U2-N8
Added Pin To Net: NetName=+1.1V_CORE Pin=U2-N9
Added Pin To Net: NetName=GND Pin=U2-N10
Added Pin To Net: NetName=GND Pin=U2-N11
Added Pin To Net: NetName=+1.1V_CORE Pin=U2-N12
Added Pin To Net: NetName=+1.1V_CORE Pin=U2-N13
Added Pin To Net: NetName=+3.3V_CORE Pin=U2-N15
Added Pin To Net: NetName=+1.8V_PMIC Pin=U2-N16
Added Pin To Net: NetName=SB_P Pin=U2-N17
Added Pin To Net: NetName=SB_N Pin=U2-N18
Added Pin To Net: NetName=ADQSL_P Pin=U2-P1
Added Pin To Net: NetName=ADQSL_N Pin=U2-P2
Added Pin To Net: NetName=DQ6 Pin=U2-P3
Added Pin To Net: NetName=DQ7 Pin=U2-P4
Added Pin To Net: NetName=+3.3V_CORE Pin=U2-P5
Added Pin To Net: NetName=+3.3V_CORE Pin=U2-P6
Added Pin To Net: NetName=+3.3V_CORE Pin=U2-P7
Added Pin To Net: NetName=+3.3V_CORE Pin=U2-P8
Added Pin To Net: NetName=+1.8V_PMIC Pin=U2-P9
Added Pin To Net: NetName=+3.3V_CORE Pin=U2-P10
Added Pin To Net: NetName=+3.3V_CORE Pin=U2-P11
Added Pin To Net: NetName=+3.3V_CORE Pin=U2-P12
Added Pin To Net: NetName=+3.3V_CORE Pin=U2-P13
Added Pin To Net: NetName=+1.8V_PMIC Pin=U2-P14
Added Pin To Net: NetName=USB0_VBUS Pin=U2-P15
Added Pin To Net: NetName=LCD_R3 Pin=U2-R1
Added Pin To Net: NetName=LCD_R4 Pin=U2-R2
Added Pin To Net: NetName=LCD_R5 Pin=U2-R3
Added Pin To Net: NetName=LCD_R6 Pin=U2-R4
Added Pin To Net: NetName=LCD_HSYNC Pin=U2-R5
Added Pin To Net: NetName=LCD_DE Pin=U2-R6
Added Pin To Net: NetName=NALE Pin=U2-R7
Added Pin To Net: NetName=NDQ2 Pin=U2-R8
Added Pin To Net: NetName=NDQ6 Pin=U2-R9
Added Pin To Net: NetName=NetC99_1 Pin=U2-R10
Added Pin To Net: NetName=+1.8V_PMIC Pin=U2-R11
Added Pin To Net: NetName=LCD_R1 Pin=U2-R12
Added Pin To Net: NetName=+3.3V_CORE Pin=U2-R15
Added Pin To Net: NetName=+1.8V_PMIC Pin=U2-R16
Added Pin To Net: NetName=LCD_R7 Pin=U2-T1
Added Pin To Net: NetName=LCD_G2 Pin=U2-T2
Added Pin To Net: NetName=LCD_G3 Pin=U2-T3
Added Pin To Net: NetName=LCD_G4 Pin=U2-T4
Added Pin To Net: NetName=LCD_B7 Pin=U2-T5
Added Pin To Net: NetName=NCLE Pin=U2-T6
Added Pin To Net: NetName=NRE Pin=U2-T7
Added Pin To Net: NetName=NDQ3 Pin=U2-T8
Added Pin To Net: NetName=NDQ7 Pin=U2-T9
Added Pin To Net: NetName=LCD_G0 Pin=U2-T10
Added Pin To Net: NetName=LCD_R0 Pin=U2-T11
Added Pin To Net: NetName=LCD_G1 Pin=U2-T12
Added Pin To Net: NetName=NRB0 Pin=U2-T17
Added Pin To Net: NetName=LCD_G5 Pin=U2-U1
Added Pin To Net: NetName=LCD_G6 Pin=U2-U2
Added Pin To Net: NetName=LCD_G7 Pin=U2-U3
Added Pin To Net: NetName=LCD_B3 Pin=U2-U4
Added Pin To Net: NetName=LCD_VSYNC Pin=U2-U5
Added Pin To Net: NetName=NWE Pin=U2-U6
Added Pin To Net: NetName=NDQ0 Pin=U2-U7
Added Pin To Net: NetName=NDQ4 Pin=U2-U8
Added Pin To Net: NetName=LCD_B0 Pin=U2-U10
Added Pin To Net: NetName=NetC18_2 Pin=U2-U11
Added Pin To Net: NetName=LCD_B1 Pin=U2-U12
Added Pin To Net: NetName=LCD_R2 Pin=U2-U13
Added Pin To Net: NetName=NWP Pin=U2-U17
Added Pin To Net: NetName=GND Pin=U2-V1
Added Pin To Net: NetName=LCD_B4 Pin=U2-V2
Added Pin To Net: NetName=LCD_B5 Pin=U2-V3
Added Pin To Net: NetName=LCD_B6 Pin=U2-V4
Added Pin To Net: NetName=LCD_CLK Pin=U2-V5
Added Pin To Net: NetName=NCE0 Pin=U2-V6
Added Pin To Net: NetName=NDQ1 Pin=U2-V7
Added Pin To Net: NetName=NDQ5 Pin=U2-V8
Added Pin To Net: NetName=NetC15_2 Pin=U2-V10
Added Pin To Net: NetName=GND Pin=U2-V11
Added Pin To Net: NetName=NetR6_1 Pin=U2-V12
Added Pin To Net: NetName=LCD_B2 Pin=U2-V13
Added Pin To Net: NetName=GND Pin=U2-V18
Added Pin To Net: NetName=+3.3V_VLDO2 Pin=U12-1
Added Pin To Net: NetName=SYS Pin=U12-2
Added Pin To Net: NetName=+1.8V_VLDO1 Pin=U12-3
Added Pin To Net: NetName=SYS Pin=U12-7
Added Pin To Net: NetName=SYS Pin=U12-8
Added Pin To Net: NetName=PWR_EN Pin=U12-9
Added Pin To Net: NetName=NetC158_2 Pin=U12-10
Added Pin To Net: NetName=GND Pin=U12-12
Added Pin To Net: NetName=WAKEUP Pin=U12-13
Added Pin To Net: NetName=+1.8V_VLDO1 Pin=U12-18
Added Pin To Net: NetName=+1.5V_DDR Pin=U12-19
Added Pin To Net: NetName=NetL5_1 Pin=U12-20
Added Pin To Net: NetName=SYS Pin=U12-21
Added Pin To Net: NetName=SYS Pin=U12-22
Added Pin To Net: NetName=NetL6_1 Pin=U12-23
Added Pin To Net: NetName=+1.1V_MPU Pin=U12-24
Added Pin To Net: NetName=NetS3_2 Pin=U12-25
Added Pin To Net: NetName=PGOOD Pin=U12-26
Added Pin To Net: NetName=I2C1_SDA Pin=U12-27
Added Pin To Net: NetName=I2C1_SCL Pin=U12-28
Added Pin To Net: NetName=+1.1V_CORE Pin=U12-29
Added Pin To Net: NetName=GND Pin=U12-30
Added Pin To Net: NetName=NetL7_1 Pin=U12-31
Added Pin To Net: NetName=SYS Pin=U12-32
Added Pin To Net: NetName=NetP8_1 Pin=U12-33
Added Pin To Net: NetName=NetP8_1 Pin=U12-34
Added Pin To Net: NetName=NetR87_2 Pin=U12-35
Added Pin To Net: NetName=NetR88_2 Pin=U12-36
Added Pin To Net: NetName=NetD10_1 Pin=U12-37
Added Pin To Net: NetName=NetC172_2 Pin=U12-38
Added Pin To Net: NetName=SYS Pin=U12-39
Added Pin To Net: NetName=+1.8V_PMIC Pin=U12-40
Added Pin To Net: NetName=GND Pin=U12-41
Added Pin To Net: NetName=SYS Pin=U12-42
Added Pin To Net: NetName=NetC171_2 Pin=U12-43
Added Pin To Net: NetName=EXTINT Pin=U12-45
Added Pin To Net: NetName=LDO_PGOOD Pin=U12-46
Added Pin To Net: NetName=NetC160_2 Pin=U12-47
Added Pin To Net: NetName=NetC159_2 Pin=U12-48
Added Pin To Net: NetName=GND Pin=U12-49
Added Member To Class: ClassName=Part A Member=Component U2 AM3352BZCZD80
Added Member To Class: ClassName=PMIC Member=Component U12 TPS65217CRSLT
