Added Component: Designator=C43(CAPC1608X08)
Add component. Clean all parameters for all variants
Add component (AddParameter): Name = "Case"; Value = "0603 [1608 Metric]"; VariantName = "[No Variations]"
Add component (AddParameter): Name = "DataSheet"; Value = "http://www.farnell.com/datasheets/2165937.pdf"; VariantName = "[No Variations]"
Add component (AddParameter): Name = "Fabricant"; Value = "MURATA"; VariantName = "[No Variations]"
Add component (AddParameter): Name = "Fournisseur"; Value = "Farnell"; VariantName = "[No Variations]"
Add component (AddParameter): Name = "RefFabricant"; Value = "GRT1885C1H102JA02D"; VariantName = "[No Variations]"
Add component (AddParameter): Name = "RefFournisseur"; Value = "2672134"; VariantName = "[No Variations]"
Add component (AddParameter): Name = "Value"; Value = "1nF"; VariantName = "[No Variations]"
Added Component: Designator=C44(CAPC1608X08)
Add component. Clean all parameters for all variants
Add component (AddParameter): Name = "Case"; Value = "0603 [1608 Metric]"; VariantName = "[No Variations]"
Add component (AddParameter): Name = "DataSheet"; Value = "http://www.farnell.com/datasheets/2165937.pdf"; VariantName = "[No Variations]"
Add component (AddParameter): Name = "Fabricant"; Value = "MURATA"; VariantName = "[No Variations]"
Add component (AddParameter): Name = "Fournisseur"; Value = "Farnell"; VariantName = "[No Variations]"
Add component (AddParameter): Name = "RefFabricant"; Value = "GRT1885C1H102JA02D"; VariantName = "[No Variations]"
Add component (AddParameter): Name = "RefFournisseur"; Value = "2672134"; VariantName = "[No Variations]"
Add component (AddParameter): Name = "Value"; Value = "1nF"; VariantName = "[No Variations]"
Added Component: Designator=C45(CAPC1608X08)
Add component. Clean all parameters for all variants
Add component (AddParameter): Name = "Case"; Value = "0603 [1608 Metric]"; VariantName = "[No Variations]"
Add component (AddParameter): Name = "DataSheet"; Value = "http://www.farnell.com/datasheets/2165937.pdf"; VariantName = "[No Variations]"
Add component (AddParameter): Name = "Fabricant"; Value = "MURATA"; VariantName = "[No Variations]"
Add component (AddParameter): Name = "Fournisseur"; Value = "Farnell"; VariantName = "[No Variations]"
Add component (AddParameter): Name = "RefFabricant"; Value = "GRT1885C1H102JA02D"; VariantName = "[No Variations]"
Add component (AddParameter): Name = "RefFournisseur"; Value = "2672134"; VariantName = "[No Variations]"
Add component (AddParameter): Name = "Value"; Value = "1nF"; VariantName = "[No Variations]"
Added Component: Designator=C46(CAPC1608X08)
Add component. Clean all parameters for all variants
Add component (AddParameter): Name = "Case"; Value = "0603 [1608 Metric]"; VariantName = "[No Variations]"
Add component (AddParameter): Name = "DataSheet"; Value = "http://www.farnell.com/datasheets/2165937.pdf"; VariantName = "[No Variations]"
Add component (AddParameter): Name = "Fabricant"; Value = "MURATA"; VariantName = "[No Variations]"
Add component (AddParameter): Name = "Fournisseur"; Value = "Farnell"; VariantName = "[No Variations]"
Add component (AddParameter): Name = "RefFabricant"; Value = "GRT1885C1H102JA02D"; VariantName = "[No Variations]"
Add component (AddParameter): Name = "RefFournisseur"; Value = "2672134"; VariantName = "[No Variations]"
Add component (AddParameter): Name = "Value"; Value = "1nF"; VariantName = "[No Variations]"
Added Component: Designator=R16(RESC1608X05)
Add component. Clean all parameters for all variants
Add component (AddParameter): Name = "Case"; Value = "0603 [1608 Metric]"; VariantName = "[No Variations]"
Add component (AddParameter): Name = "DataSheet"; Value = "http://www.farnell.com/datasheets/1935020.pdf"; VariantName = "[No Variations]"
Add component (AddParameter): Name = "Fabricant"; Value = "TE CONNECTIVITY"; VariantName = "[No Variations]"
Add component (AddParameter): Name = "Fournisseur"; Value = "Farnell"; VariantName = "[No Variations]"
Add component (AddParameter): Name = "RefFabricant"; Value = "CPF-A-0603B1K2E1"; VariantName = "[No Variations]"
Add component (AddParameter): Name = "RefFournisseur"; Value = "2483896"; VariantName = "[No Variations]"
Add component (AddParameter): Name = "Value"; Value = "1.2k"; VariantName = "[No Variations]"
Added Component: Designator=R17(RESC1608X05)
Add component. Clean all parameters for all variants
Add component (AddParameter): Name = "Case"; Value = "0603 [1608 Metric]"; VariantName = "[No Variations]"
Add component (AddParameter): Name = "Value"; Value = "0"; VariantName = "[No Variations]"
Added Component: Designator=R18(RESC1608X05)
Add component. Clean all parameters for all variants
Add component (AddParameter): Name = "Case"; Value = "0603 [1608 Metric]"; VariantName = "[No Variations]"
Add component (AddParameter): Name = "Value"; Value = "DNI"; VariantName = "[No Variations]"
Added Pin To Net: NetName=GND Pin=C43-1
Added Pin To Net: NetName=LCD_X1 Pin=C43-2
Added Pin To Net: NetName=GND Pin=C44-1
Added Pin To Net: NetName=LCD_X2 Pin=C44-2
Added Pin To Net: NetName=GND Pin=C45-1
Added Pin To Net: NetName=LCD_Y1 Pin=C45-2
Added Pin To Net: NetName=GND Pin=C46-1
Added Pin To Net: NetName=LCD_Y2 Pin=C46-2
Added Pin To Net: NetName=GND Pin=R16-1
Added Pin To Net: NetName=LCD_BKL Pin=R16-2
Added Pin To Net: NetName=NetC172_2 Pin=R17-1
Added Pin To Net: NetName=NetP8_2 Pin=R17-2
Added Pin To Net: NetName=NetQ4_1 Pin=R18-1
Added Pin To Net: NetName=NetP8_2 Pin=R18-2
Added Member To Class: ClassName=Part B Member=Component C43 1nF
Added Member To Class: ClassName=Part B Member=Component C44 1nF
Added Member To Class: ClassName=Part B Member=Component C45 1nF
Added Member To Class: ClassName=Part B Member=Component C46 1nF
Added Member To Class: ClassName=LCD Member=Component R16 Res1
Added Member To Class: ClassName=LCD Member=Component R17 Res1
Added Member To Class: ClassName=LCD Member=Component R18 Res1
