Change Component Designator: Old Designator=C? New Designator=C140
Change Component Designator: Old Designator=C? New Designator=C141
Change Component Designator: Old Designator=C? New Designator=C142
Change Component Designator: Old Designator=C? New Designator=C143
Change Component Designator: Old Designator=C? New Designator=C144
Change Component Designator: Old Designator=C? New Designator=C145
Change Component Designator: Old Designator=C? New Designator=C146
Change Component Designator: Old Designator=C? New Designator=C147
Change Component Designator: Old Designator=C? New Designator=C148
Change Component Designator: Old Designator=C? New Designator=C149
Change Component Designator: Old Designator=C? New Designator=C150
Change Component Designator: Old Designator=C? New Designator=C151
Change Component Designator: Old Designator=C? New Designator=C152
Change Component Designator: Old Designator=C? New Designator=C153
Change Component Designator: Old Designator=C? New Designator=C154
Change Component Designator: Old Designator=C? New Designator=C155
Change Component Designator: Old Designator=C? New Designator=C156
Change Component Designator: Old Designator=C? New Designator=C157
Change Component Designator: Old Designator=C? New Designator=C158
Change Component Designator: Old Designator=C? New Designator=C159
Change Component Designator: Old Designator=C? New Designator=C160
Change Component Designator: Old Designator=C? New Designator=C161
Change Component Designator: Old Designator=C? New Designator=C162
Change Component Designator: Old Designator=C? New Designator=C163
Change Component Designator: Old Designator=C? New Designator=C164
Change Component Designator: Old Designator=C? New Designator=C165
Change Component Designator: Old Designator=C? New Designator=C166
Change Component Designator: Old Designator=C? New Designator=C167
Change Component Designator: Old Designator=C? New Designator=C168
Change Component Designator: Old Designator=C? New Designator=C169
Change Component Designator: Old Designator=C? New Designator=C170
Change Component Designator: Old Designator=J? New Designator=J4
Change Component Designator: Old Designator=K? New Designator=K1
Change Component Designator: Old Designator=Q? New Designator=Q1
Change Component Designator: Old Designator=Q? New Designator=Q2
Change Component Designator: Old Designator=R? New Designator=R202
Change Component Designator: Old Designator=R? New Designator=R203
Change Component Designator: Old Designator=R? New Designator=R204
Change Component Designator: Old Designator=R? New Designator=R205
Change Component Designator: Old Designator=R? New Designator=R206
Change Component Designator: Old Designator=R? New Designator=R207
Change Component Designator: Old Designator=R? New Designator=R208
Change Component Designator: Old Designator=R? New Designator=R209
Change Component Designator: Old Designator=U? New Designator=U40
Change Component Designator: Old Designator=U? New Designator=U41
Change Component Designator: Old Designator=U? New Designator=U42
