Change Component Designator: Old Designator=C? New Designator=C243
Change Component Designator: Old Designator=C? New Designator=C244
Change Component Designator: Old Designator=C? New Designator=C245
Change Component Designator: Old Designator=C? New Designator=C246
Change Component Designator: Old Designator=C? New Designator=C247
Change Component Designator: Old Designator=C? New Designator=C248
Change Component Designator: Old Designator=C? New Designator=C249
Change Component Designator: Old Designator=C? New Designator=C250
Change Component Designator: Old Designator=C? New Designator=C251
Change Component Designator: Old Designator=C? New Designator=C252
Change Component Designator: Old Designator=C? New Designator=C253
Change Component Designator: Old Designator=C? New Designator=C254
Change Component Designator: Old Designator=C? New Designator=C255
Change Component Designator: Old Designator=C? New Designator=C256
Change Component Designator: Old Designator=C? New Designator=C257
Change Component Designator: Old Designator=C? New Designator=C258
Change Component Designator: Old Designator=C? New Designator=C259
Change Component Designator: Old Designator=C? New Designator=C260
Change Component Designator: Old Designator=D? New Designator=D18
Change Component Designator: Old Designator=L? New Designator=L4
Change Component Designator: Old Designator=L? New Designator=L5
Change Component Designator: Old Designator=L? New Designator=L6
Change Component Designator: Old Designator=L? New Designator=L7
Change Component Designator: Old Designator=R? New Designator=R219
Change Component Designator: Old Designator=R? New Designator=R220
Change Component Designator: Old Designator=R? New Designator=R221
Change Component Designator: Old Designator=R? New Designator=R222
Change Component Designator: Old Designator=S? New Designator=S1
Change Component Designator: Old Designator=U? New Designator=U48
